# JRE version: OpenJDK Runtime Environment (11.0.12+7) (build 11.0.12+7-b1504.28-7817840)
# Java VM: OpenJDK 64-Bit Server VM (11.0.12+7-b1504.28-7817840, mixed mode, tiered, compressed oops, g1 gc, windows-amd64)
Heap:
 garbage-first heap   total 312320K, used 46968K [0x0000000703e00000, 0x0000000800000000)
  region size 1024K, 8 young (8192K), 8 survivors (8192K)
 Metaspace       used 51670K, capacity 52348K, committed 52560K, reserved 1095680K
  class space    used 6026K, capacity 6297K, committed 6400K, reserved 1048576K
GC Heap History (11 events):
Event: 0.876 GC heap before
{Heap before GC invocations=0 (full 0):
 garbage-first heap   total 260096K, used 27648K [0x0000000703e00000, 0x0000000800000000)
  region size 1024K, 24 young (24576K), 0 survivors (0K)
 Metaspace       used 12358K, capacity 12504K, committed 12800K, reserved 1060864K
  class space    used 1163K, capacity 1207K, committed 1280K, reserved 1048576K
}
Event: 0.881 GC heap after
{Heap after GC invocations=1 (full 0):
 garbage-first heap   total 260096K, used 5812K [0x0000000703e00000, 0x0000000800000000)
  region size 1024K, 3 young (3072K), 3 survivors (3072K)
 Metaspace       used 12358K, capacity 12504K, committed 12800K, reserved 1060864K
  class space    used 1163K, capacity 1207K, committed 1280K, reserved 1048576K
}
Event: 2.641 GC heap before
{Heap before GC invocations=1 (full 0):
 garbage-first heap   total 260096K, used 44724K [0x0000000703e00000, 0x0000000800000000)
  region size 1024K, 42 young (43008K), 3 survivors (3072K)
 Metaspace       used 20869K, capacity 21142K, committed 21296K, reserved 1069056K
  class space    used 2259K, capacity 2347K, committed 2432K, reserved 1048576K
}
Event: 2.670 GC heap after
{Heap after GC invocations=2 (full 0):
 garbage-first heap   total 260096K, used 9443K [0x0000000703e00000, 0x0000000800000000)
  region size 1024K, 7 young (7168K), 7 survivors (7168K)
 Metaspace       used 20869K, capacity 21142K, committed 21296K, reserved 1069056K
  class space    used 2259K, capacity 2347K, committed 2432K, reserved 1048576K
}
Event: 6.581 GC heap before
{Heap before GC invocations=3 (full 0):
 garbage-first heap   total 260096K, used 65763K [0x0000000703e00000, 0x0000000800000000)
  region size 1024K, 57 young (58368K), 7 survivors (7168K)
 Metaspace       used 31851K, capacity 32359K, committed 32688K, reserved 1077248K
  class space    used 3780K, capacity 3973K, committed 4096K, reserved 1048576K
}
Event: 6.608 GC heap after
{Heap after GC invocations=4 (full 0):
 garbage-first heap   total 260096K, used 20810K [0x0000000703e00000, 0x0000000800000000)
  region size 1024K, 8 young (8192K), 8 survivors (8192K)
 Metaspace       used 31851K, capacity 32359K, committed 32688K, reserved 1077248K
  class space    used 3780K, capacity 3973K, committed 4096K, reserved 1048576K
}
Event: 8.063 GC heap before
{Heap before GC invocations=4 (full 0):
 garbage-first heap   total 260096K, used 44362K [0x0000000703e00000, 0x0000000800000000)
  region size 1024K, 32 young (32768K), 8 survivors (8192K)
 Metaspace       used 35257K, capacity 35727K, committed 35920K, reserved 1081344K
  class space    used 4367K, capacity 4583K, committed 4608K, reserved 1048576K
}
Event: 8.130 GC heap after
{Heap after GC invocations=5 (full 0):
 garbage-first heap   total 260096K, used 25073K [0x0000000703e00000, 0x0000000800000000)
  region size 1024K, 4 young (4096K), 4 survivors (4096K)
 Metaspace       used 35257K, capacity 35727K, committed 35920K, reserved 1081344K
  class space    used 4367K, capacity 4583K, committed 4608K, reserved 1048576K
}
Event: 11.555 GC heap before
{Heap before GC invocations=6 (full 0):
 garbage-first heap   total 260096K, used 92657K [0x0000000703e00000, 0x0000000800000000)
  region size 1024K, 70 young (71680K), 4 survivors (4096K)
 Metaspace       used 45086K, capacity 45719K, committed 45904K, reserved 1089536K
  class space    used 5301K, capacity 5538K, committed 5632K, reserved 1048576K
}
Event: 11.577 GC heap after
{Heap after GC invocations=7 (full 0):
 garbage-first heap   total 260096K, used 34004K [0x0000000703e00000, 0x0000000800000000)
  region size 1024K, 9 young (9216K), 9 survivors (9216K)
 Metaspace       used 45086K, capacity 45719K, committed 45904K, reserved 1089536K
  class space    used 5301K, capacity 5538K, committed 5632K, reserved 1048576K
}
Event: 14.501 GC heap before
{Heap before GC invocations=7 (full 0):
 garbage-first heap   total 260096K, used 86228K [0x0000000703e00000, 0x0000000800000000)
  region size 1024K, 58 young (59392K), 9 survivors (9216K)
 Metaspace       used 51670K, capacity 52348K, committed 52560K, reserved 1095680K
  class space    used 6026K, capacity 6297K, committed 6400K, reserved 1048576K
}

