# JRE version: OpenJDK Runtime Environment (11.0.12+7) (build 11.0.12+7-b1504.28-7817840)
# Java VM: OpenJDK 64-Bit Server VM (11.0.12+7-b1504.28-7817840, mixed mode, tiered, compressed oops, g1 gc, windows-amd64)
Heap:
 garbage-first heap   total 378880K, used 261707K [0x0000000080000000, 0x0000000100000000)
  region size 1024K, 95 young (97280K), 1 survivors (1024K)
 Metaspace       used 120926K, capacity 125508K, committed 125568K, reserved 1159168K
  class space    used 14873K, capacity 16503K, committed 16512K, reserved 1048576K
GC Heap History (20 events):
Event: 6332.120 GC heap before
{Heap before GC invocations=172 (full 0):
 garbage-first heap   total 378880K, used 212675K [0x0000000080000000, 0x0000000100000000)
  region size 1024K, 18 young (18432K), 5 survivors (5120K)
 Metaspace       used 117613K, capacity 121861K, committed 121984K, reserved 1155072K
  class space    used 14420K, capacity 15953K, committed 16000K, reserved 1048576K
}
Event: 6332.129 GC heap after
{Heap after GC invocations=173 (full 0):
 garbage-first heap   total 378880K, used 185343K [0x0000000080000000, 0x0000000100000000)
  region size 1024K, 3 young (3072K), 3 survivors (3072K)
 Metaspace       used 117613K, capacity 121861K, committed 121984K, reserved 1155072K
  class space    used 14420K, capacity 15953K, committed 16000K, reserved 1048576K
}
Event: 6332.308 GC heap before
{Heap before GC invocations=173 (full 0):
 garbage-first heap   total 378880K, used 267263K [0x0000000080000000, 0x0000000100000000)
  region size 1024K, 83 young (84992K), 3 survivors (3072K)
 Metaspace       used 117657K, capacity 121925K, committed 121984K, reserved 1155072K
  class space    used 14420K, capacity 15953K, committed 16000K, reserved 1048576K
}
Event: 6332.320 GC heap after
{Heap after GC invocations=174 (full 0):
 garbage-first heap   total 378880K, used 195012K [0x0000000080000000, 0x0000000100000000)
  region size 1024K, 11 young (11264K), 11 survivors (11264K)
 Metaspace       used 117657K, capacity 121925K, committed 121984K, reserved 1155072K
  class space    used 14420K, capacity 15953K, committed 16000K, reserved 1048576K
}
Event: 6333.259 GC heap before
{Heap before GC invocations=175 (full 0):
 garbage-first heap   total 378880K, used 273860K [0x0000000080000000, 0x0000000100000000)
  region size 1024K, 91 young (93184K), 11 survivors (11264K)
 Metaspace       used 117933K, capacity 122245K, committed 122496K, reserved 1155072K
  class space    used 14446K, capacity 15953K, committed 16000K, reserved 1048576K
}
Event: 6333.266 GC heap after
{Heap after GC invocations=176 (full 0):
 garbage-first heap   total 378880K, used 187346K [0x0000000080000000, 0x0000000100000000)
  region size 1024K, 3 young (3072K), 3 survivors (3072K)
 Metaspace       used 117933K, capacity 122245K, committed 122496K, reserved 1155072K
  class space    used 14446K, capacity 15953K, committed 16000K, reserved 1048576K
}
Event: 6333.437 GC heap before
{Heap before GC invocations=176 (full 0):
 garbage-first heap   total 378880K, used 202706K [0x0000000080000000, 0x0000000100000000)
  region size 1024K, 18 young (18432K), 3 survivors (3072K)
 Metaspace       used 118076K, capacity 122407K, committed 122496K, reserved 1155072K
  class space    used 14458K, capacity 15986K, committed 16000K, reserved 1048576K
}
Event: 6333.448 GC heap after
{Heap after GC invocations=177 (full 0):
 garbage-first heap   total 378880K, used 176952K [0x0000000080000000, 0x0000000100000000)
  region size 1024K, 2 young (2048K), 2 survivors (2048K)
 Metaspace       used 118076K, capacity 122407K, committed 122496K, reserved 1155072K
  class space    used 14458K, capacity 15986K, committed 16000K, reserved 1048576K
}
Event: 6445.859 GC heap before
{Heap before GC invocations=177 (full 0):
 garbage-first heap   total 378880K, used 269112K [0x0000000080000000, 0x0000000100000000)
  region size 1024K, 93 young (95232K), 2 survivors (2048K)
 Metaspace       used 120724K, capacity 125354K, committed 125568K, reserved 1159168K
  class space    used 14869K, capacity 16499K, committed 16512K, reserved 1048576K
}
Event: 6445.872 GC heap after
{Heap after GC invocations=178 (full 0):
 garbage-first heap   total 378880K, used 179386K [0x0000000080000000, 0x0000000100000000)
  region size 1024K, 5 young (5120K), 5 survivors (5120K)
 Metaspace       used 120724K, capacity 125354K, committed 125568K, reserved 1159168K
  class space    used 14869K, capacity 16499K, committed 16512K, reserved 1048576K
}
Event: 6446.565 GC heap before
{Heap before GC invocations=179 (full 0):
 garbage-first heap   total 378880K, used 272570K [0x0000000080000000, 0x0000000100000000)
  region size 1024K, 99 young (101376K), 5 survivors (5120K)
 Metaspace       used 120857K, capacity 125483K, committed 125568K, reserved 1159168K
  class space    used 14871K, capacity 16499K, committed 16512K, reserved 1048576K
}
Event: 6446.614 GC heap after
{Heap after GC invocations=180 (full 0):
 garbage-first heap   total 378880K, used 195779K [0x0000000080000000, 0x0000000100000000)
  region size 1024K, 13 young (13312K), 13 survivors (13312K)
 Metaspace       used 120857K, capacity 125483K, committed 125568K, reserved 1159168K
  class space    used 14871K, capacity 16499K, committed 16512K, reserved 1048576K
}
Event: 6446.632 GC heap before
{Heap before GC invocations=180 (full 0):
 garbage-first heap   total 378880K, used 199875K [0x0000000080000000, 0x0000000100000000)
  region size 1024K, 18 young (18432K), 13 survivors (13312K)
 Metaspace       used 120861K, capacity 125483K, committed 125568K, reserved 1159168K
  class space    used 14871K, capacity 16499K, committed 16512K, reserved 1048576K
}
Event: 6446.652 GC heap after
{Heap after GC invocations=181 (full 0):
 garbage-first heap   total 378880K, used 190622K [0x0000000080000000, 0x0000000100000000)
  region size 1024K, 3 young (3072K), 3 survivors (3072K)
 Metaspace       used 120861K, capacity 125483K, committed 125568K, reserved 1159168K
  class space    used 14871K, capacity 16499K, committed 16512K, reserved 1048576K
}
Event: 6446.988 GC heap before
{Heap before GC invocations=181 (full 0):
 garbage-first heap   total 378880K, used 280734K [0x0000000080000000, 0x0000000100000000)
  region size 1024K, 92 young (94208K), 3 survivors (3072K)
 Metaspace       used 120887K, capacity 125484K, committed 125568K, reserved 1159168K
  class space    used 14871K, capacity 16499K, committed 16512K, reserved 1048576K
}
Event: 6447.010 GC heap after
{Heap after GC invocations=182 (full 0):
 garbage-first heap   total 378880K, used 196312K [0x0000000080000000, 0x0000000100000000)
  region size 1024K, 9 young (9216K), 9 survivors (9216K)
 Metaspace       used 120887K, capacity 125484K, committed 125568K, reserved 1159168K
  class space    used 14871K, capacity 16499K, committed 16512K, reserved 1048576K
}
Event: 6447.601 GC heap before
{Heap before GC invocations=183 (full 0):
 garbage-first heap   total 378880K, used 279256K [0x0000000080000000, 0x0000000100000000)
  region size 1024K, 99 young (101376K), 9 survivors (9216K)
 Metaspace       used 120897K, capacity 125490K, committed 125568K, reserved 1159168K
  class space    used 14871K, capacity 16500K, committed 16512K, reserved 1048576K
}
Event: 6447.612 GC heap after
{Heap after GC invocations=184 (full 0):
 garbage-first heap   total 378880K, used 190430K [0x0000000080000000, 0x0000000100000000)
  region size 1024K, 5 young (5120K), 5 survivors (5120K)
 Metaspace       used 120897K, capacity 125490K, committed 125568K, reserved 1159168K
  class space    used 14871K, capacity 16500K, committed 16512K, reserved 1048576K
}
Event: 6447.685 GC heap before
{Heap before GC invocations=184 (full 0):
 garbage-first heap   total 378880K, used 203742K [0x0000000080000000, 0x0000000100000000)
  region size 1024K, 18 young (18432K), 5 survivors (5120K)
 Metaspace       used 120897K, capacity 125490K, committed 125568K, reserved 1159168K
  class space    used 14871K, capacity 16500K, committed 16512K, reserved 1048576K
}
Event: 6447.695 GC heap after
{Heap after GC invocations=185 (full 0):
 garbage-first heap   total 378880K, used 166475K [0x0000000080000000, 0x0000000100000000)
  region size 1024K, 1 young (1024K), 1 survivors (1024K)
 Metaspace       used 120897K, capacity 125490K, committed 125568K, reserved 1159168K
  class space    used 14871K, capacity 16500K, committed 16512K, reserved 1048576K
}

