# JRE version: OpenJDK Runtime Environment (11.0.12+7) (build 11.0.12+7-b1504.28-7817840)
# Java VM: OpenJDK 64-Bit Server VM (11.0.12+7-b1504.28-7817840, mixed mode, tiered, compressed oops, g1 gc, windows-amd64)
Heap:
 garbage-first heap   total 312320K, used 167936K [0x0000000703e00000, 0x0000000800000000)
  region size 1024K, 88 young (90112K), 14 survivors (14336K)
 Metaspace       used 60118K, capacity 60895K, committed 61056K, reserved 1103872K
  class space    used 6646K, capacity 6974K, committed 7040K, reserved 1048576K
GC Heap History (18 events):
Event: 0.571 GC heap before
{Heap before GC invocations=0 (full 0):
 garbage-first heap   total 260096K, used 27648K [0x0000000703e00000, 0x0000000800000000)
  region size 1024K, 24 young (24576K), 0 survivors (0K)
 Metaspace       used 12371K, capacity 12504K, committed 12800K, reserved 1060864K
  class space    used 1163K, capacity 1207K, committed 1280K, reserved 1048576K
}
Event: 0.574 GC heap after
{Heap after GC invocations=1 (full 0):
 garbage-first heap   total 260096K, used 6009K [0x0000000703e00000, 0x0000000800000000)
  region size 1024K, 3 young (3072K), 3 survivors (3072K)
 Metaspace       used 12371K, capacity 12504K, committed 12800K, reserved 1060864K
  class space    used 1163K, capacity 1207K, committed 1280K, reserved 1048576K
}
Event: 1.199 GC heap before
{Heap before GC invocations=1 (full 0):
 garbage-first heap   total 260096K, used 44921K [0x0000000703e00000, 0x0000000800000000)
  region size 1024K, 42 young (43008K), 3 survivors (3072K)
 Metaspace       used 20779K, capacity 21058K, committed 21248K, reserved 1069056K
  class space    used 2201K, capacity 2280K, committed 2304K, reserved 1048576K
}
Event: 1.212 GC heap after
{Heap after GC invocations=2 (full 0):
 garbage-first heap   total 260096K, used 9457K [0x0000000703e00000, 0x0000000800000000)
  region size 1024K, 7 young (7168K), 7 survivors (7168K)
 Metaspace       used 20779K, capacity 21058K, committed 21248K, reserved 1069056K
  class space    used 2201K, capacity 2280K, committed 2304K, reserved 1048576K
}
Event: 2.072 GC heap before
{Heap before GC invocations=3 (full 0):
 garbage-first heap   total 260096K, used 67825K [0x0000000703e00000, 0x0000000800000000)
  region size 1024K, 59 young (60416K), 7 survivors (7168K)
 Metaspace       used 31544K, capacity 31991K, committed 32384K, reserved 1077248K
  class space    used 3752K, capacity 3935K, committed 3968K, reserved 1048576K
}
Event: 2.083 GC heap after
{Heap after GC invocations=4 (full 0):
 garbage-first heap   total 260096K, used 22386K [0x0000000703e00000, 0x0000000800000000)
  region size 1024K, 8 young (8192K), 8 survivors (8192K)
 Metaspace       used 31544K, capacity 31991K, committed 32384K, reserved 1077248K
  class space    used 3752K, capacity 3935K, committed 3968K, reserved 1048576K
}
Event: 2.260 GC heap before
{Heap before GC invocations=4 (full 0):
 garbage-first heap   total 260096K, used 28530K [0x0000000703e00000, 0x0000000800000000)
  region size 1024K, 14 young (14336K), 8 survivors (8192K)
 Metaspace       used 31966K, capacity 32443K, committed 32768K, reserved 1077248K
  class space    used 3795K, capacity 4000K, committed 4096K, reserved 1048576K
}
Event: 2.267 GC heap after
{Heap after GC invocations=5 (full 0):
 garbage-first heap   total 260096K, used 24276K [0x0000000703e00000, 0x0000000800000000)
  region size 1024K, 2 young (2048K), 2 survivors (2048K)
 Metaspace       used 31966K, capacity 32443K, committed 32768K, reserved 1077248K
  class space    used 3795K, capacity 4000K, committed 4096K, reserved 1048576K
}
Event: 2.615 GC heap before
{Heap before GC invocations=5 (full 0):
 garbage-first heap   total 260096K, used 38612K [0x0000000703e00000, 0x0000000800000000)
  region size 1024K, 17 young (17408K), 2 survivors (2048K)
 Metaspace       used 34867K, capacity 35361K, committed 35584K, reserved 1081344K
  class space    used 4337K, capacity 4546K, committed 4608K, reserved 1048576K
}
Event: 2.617 GC heap after
{Heap after GC invocations=6 (full 0):
 garbage-first heap   total 260096K, used 24974K [0x0000000703e00000, 0x0000000800000000)
  region size 1024K, 3 young (3072K), 3 survivors (3072K)
 Metaspace       used 34867K, capacity 35361K, committed 35584K, reserved 1081344K
  class space    used 4337K, capacity 4546K, committed 4608K, reserved 1048576K
}
Event: 3.810 GC heap before
{Heap before GC invocations=7 (full 0):
 garbage-first heap   total 260096K, used 98702K [0x0000000703e00000, 0x0000000800000000)
  region size 1024K, 75 young (76800K), 3 survivors (3072K)
 Metaspace       used 45076K, capacity 45645K, committed 45824K, reserved 1089536K
  class space    used 5302K, capacity 5534K, committed 5632K, reserved 1048576K
}
Event: 3.821 GC heap after
{Heap after GC invocations=8 (full 0):
 garbage-first heap   total 260096K, used 35133K [0x0000000703e00000, 0x0000000800000000)
  region size 1024K, 10 young (10240K), 10 survivors (10240K)
 Metaspace       used 45076K, capacity 45645K, committed 45824K, reserved 1089536K
  class space    used 5302K, capacity 5534K, committed 5632K, reserved 1048576K
}
Event: 5.077 GC heap before
{Heap before GC invocations=8 (full 0):
 garbage-first heap   total 260096K, used 132413K [0x0000000703e00000, 0x0000000800000000)
  region size 1024K, 102 young (104448K), 10 survivors (10240K)
 Metaspace       used 53412K, capacity 54173K, committed 54400K, reserved 1097728K
  class space    used 6135K, capacity 6444K, committed 6528K, reserved 1048576K
}
Event: 5.097 GC heap after
{Heap after GC invocations=9 (full 0):
 garbage-first heap   total 312320K, used 51675K [0x0000000703e00000, 0x0000000800000000)
  region size 1024K, 13 young (13312K), 13 survivors (13312K)
 Metaspace       used 53412K, capacity 54173K, committed 54400K, reserved 1097728K
  class space    used 6135K, capacity 6444K, committed 6528K, reserved 1048576K
}
Event: 7.006 GC heap before
{Heap before GC invocations=9 (full 0):
 garbage-first heap   total 312320K, used 154075K [0x0000000703e00000, 0x0000000800000000)
  region size 1024K, 111 young (113664K), 13 survivors (13312K)
 Metaspace       used 58066K, capacity 58831K, committed 59136K, reserved 1101824K
  class space    used 6496K, capacity 6801K, committed 6912K, reserved 1048576K
}
Event: 7.034 GC heap after
{Heap after GC invocations=10 (full 0):
 garbage-first heap   total 312320K, used 77303K [0x0000000703e00000, 0x0000000800000000)
  region size 1024K, 14 young (14336K), 14 survivors (14336K)
 Metaspace       used 58066K, capacity 58831K, committed 59136K, reserved 1101824K
  class space    used 6496K, capacity 6801K, committed 6912K, reserved 1048576K
}
Event: 7.698 GC heap before
{Heap before GC invocations=10 (full 0):
 garbage-first heap   total 312320K, used 125431K [0x0000000703e00000, 0x0000000800000000)
  region size 1024K, 62 young (63488K), 14 survivors (14336K)
 Metaspace       used 58807K, capacity 59535K, committed 59648K, reserved 1101824K
  class space    used 6534K, capacity 6841K, committed 6912K, reserved 1048576K
}
Event: 7.726 GC heap after
{Heap after GC invocations=11 (full 0):
 garbage-first heap   total 312320K, used 93184K [0x0000000703e00000, 0x0000000800000000)
  region size 1024K, 14 young (14336K), 14 survivors (14336K)
 Metaspace       used 58807K, capacity 59535K, committed 59648K, reserved 1101824K
  class space    used 6534K, capacity 6841K, committed 6912K, reserved 1048576K
}

