# JRE version: OpenJDK Runtime Environment (11.0.12+7) (build 11.0.12+7-b1504.28-7817840)
# Java VM: OpenJDK 64-Bit Server VM (11.0.12+7-b1504.28-7817840, mixed mode, tiered, compressed oops, g1 gc, windows-amd64)
Heap:
 garbage-first heap   total 377856K, used 232658K [0x0000000703e00000, 0x0000000800000000)
  region size 1024K, 110 young (112640K), 3 survivors (3072K)
 Metaspace       used 70604K, capacity 71501K, committed 71808K, reserved 1114112K
  class space    used 7626K, capacity 7972K, committed 8064K, reserved 1048576K
GC Heap History (20 events):
Event: 3.376 GC heap before
{Heap before GC invocations=3 (full 0):
 garbage-first heap   total 260096K, used 67914K [0x0000000703e00000, 0x0000000800000000)
  region size 1024K, 59 young (60416K), 7 survivors (7168K)
 Metaspace       used 31558K, capacity 32055K, committed 32384K, reserved 1077248K
  class space    used 3755K, capacity 3935K, committed 3968K, reserved 1048576K
}
Event: 3.393 GC heap after
{Heap after GC invocations=4 (full 0):
 garbage-first heap   total 260096K, used 22293K [0x0000000703e00000, 0x0000000800000000)
  region size 1024K, 8 young (8192K), 8 survivors (8192K)
 Metaspace       used 31558K, capacity 32055K, committed 32384K, reserved 1077248K
  class space    used 3755K, capacity 3935K, committed 3968K, reserved 1048576K
}
Event: 3.525 GC heap before
{Heap before GC invocations=4 (full 0):
 garbage-first heap   total 260096K, used 26389K [0x0000000703e00000, 0x0000000800000000)
  region size 1024K, 12 young (12288K), 8 survivors (8192K)
 Metaspace       used 31970K, capacity 32443K, committed 32768K, reserved 1077248K
  class space    used 3799K, capacity 4000K, committed 4096K, reserved 1048576K
}
Event: 3.535 GC heap after
{Heap after GC invocations=5 (full 0):
 garbage-first heap   total 260096K, used 24001K [0x0000000703e00000, 0x0000000800000000)
  region size 1024K, 2 young (2048K), 2 survivors (2048K)
 Metaspace       used 31970K, capacity 32443K, committed 32768K, reserved 1077248K
  class space    used 3799K, capacity 4000K, committed 4096K, reserved 1048576K
}
Event: 3.982 GC heap before
{Heap before GC invocations=5 (full 0):
 garbage-first heap   total 260096K, used 41409K [0x0000000703e00000, 0x0000000800000000)
  region size 1024K, 20 young (20480K), 2 survivors (2048K)
 Metaspace       used 34861K, capacity 35361K, committed 35584K, reserved 1081344K
  class space    used 4334K, capacity 4546K, committed 4608K, reserved 1048576K
}
Event: 3.985 GC heap after
{Heap after GC invocations=6 (full 0):
 garbage-first heap   total 260096K, used 25029K [0x0000000703e00000, 0x0000000800000000)
  region size 1024K, 3 young (3072K), 3 survivors (3072K)
 Metaspace       used 34861K, capacity 35361K, committed 35584K, reserved 1081344K
  class space    used 4334K, capacity 4546K, committed 4608K, reserved 1048576K
}
Event: 6.793 GC heap before
{Heap before GC invocations=7 (full 0):
 garbage-first heap   total 260096K, used 127429K [0x0000000703e00000, 0x0000000800000000)
  region size 1024K, 101 young (103424K), 3 survivors (3072K)
 Metaspace       used 49160K, capacity 49744K, committed 49920K, reserved 1093632K
  class space    used 5782K, capacity 6027K, committed 6144K, reserved 1048576K
}
Event: 6.811 GC heap after
{Heap after GC invocations=8 (full 0):
 garbage-first heap   total 260096K, used 41222K [0x0000000703e00000, 0x0000000800000000)
  region size 1024K, 13 young (13312K), 13 survivors (13312K)
 Metaspace       used 49160K, capacity 49744K, committed 49920K, reserved 1093632K
  class space    used 5782K, capacity 6027K, committed 6144K, reserved 1048576K
}
Event: 9.421 GC heap before
{Heap before GC invocations=8 (full 0):
 garbage-first heap   total 260096K, used 139526K [0x0000000703e00000, 0x0000000800000000)
  region size 1024K, 106 young (108544K), 13 survivors (13312K)
 Metaspace       used 54587K, capacity 55309K, committed 55424K, reserved 1097728K
  class space    used 6211K, capacity 6516K, committed 6528K, reserved 1048576K
}
Event: 9.454 GC heap after
{Heap after GC invocations=9 (full 0):
 garbage-first heap   total 312320K, used 60555K [0x0000000703e00000, 0x0000000800000000)
  region size 1024K, 14 young (14336K), 14 survivors (14336K)
 Metaspace       used 54587K, capacity 55309K, committed 55424K, reserved 1097728K
  class space    used 6211K, capacity 6516K, committed 6528K, reserved 1048576K
}
Event: 12.520 GC heap before
{Heap before GC invocations=9 (full 0):
 garbage-first heap   total 312320K, used 133259K [0x0000000703e00000, 0x0000000800000000)
  region size 1024K, 85 young (87040K), 14 survivors (14336K)
 Metaspace       used 58427K, capacity 59186K, committed 59392K, reserved 1101824K
  class space    used 6527K, capacity 6833K, committed 6912K, reserved 1048576K
}
Event: 12.592 GC heap after
{Heap after GC invocations=10 (full 0):
 garbage-first heap   total 312320K, used 77824K [0x0000000703e00000, 0x0000000800000000)
  region size 1024K, 11 young (11264K), 11 survivors (11264K)
 Metaspace       used 58427K, capacity 59186K, committed 59392K, reserved 1101824K
  class space    used 6527K, capacity 6833K, committed 6912K, reserved 1048576K
}
Event: 13.622 GC heap before
{Heap before GC invocations=10 (full 0):
 garbage-first heap   total 312320K, used 107520K [0x0000000703e00000, 0x0000000800000000)
  region size 1024K, 41 young (41984K), 11 survivors (11264K)
 Metaspace       used 58829K, capacity 59525K, committed 59648K, reserved 1101824K
  class space    used 6537K, capacity 6837K, committed 6912K, reserved 1048576K
}
Event: 13.642 GC heap after
{Heap after GC invocations=11 (full 0):
 garbage-first heap   total 312320K, used 88545K [0x0000000703e00000, 0x0000000800000000)
  region size 1024K, 9 young (9216K), 9 survivors (9216K)
 Metaspace       used 58829K, capacity 59525K, committed 59648K, reserved 1101824K
  class space    used 6537K, capacity 6837K, committed 6912K, reserved 1048576K
}
Event: 15.556 GC heap before
{Heap before GC invocations=12 (full 0):
 garbage-first heap   total 312320K, used 175585K [0x0000000703e00000, 0x0000000800000000)
  region size 1024K, 94 young (96256K), 9 survivors (9216K)
 Metaspace       used 60245K, capacity 61024K, committed 61312K, reserved 1103872K
  class space    used 6652K, capacity 6974K, committed 7040K, reserved 1048576K
}
Event: 15.582 GC heap after
{Heap after GC invocations=13 (full 0):
 garbage-first heap   total 312320K, used 105182K [0x0000000703e00000, 0x0000000800000000)
  region size 1024K, 12 young (12288K), 12 survivors (12288K)
 Metaspace       used 60245K, capacity 61024K, committed 61312K, reserved 1103872K
  class space    used 6652K, capacity 6974K, committed 7040K, reserved 1048576K
}
Event: 16.464 GC heap before
{Heap before GC invocations=13 (full 0):
 garbage-first heap   total 312320K, used 192222K [0x0000000703e00000, 0x0000000800000000)
  region size 1024K, 97 young (99328K), 12 survivors (12288K)
 Metaspace       used 60497K, capacity 61293K, committed 61568K, reserved 1103872K
  class space    used 6667K, capacity 6978K, committed 7040K, reserved 1048576K
}
Event: 16.493 GC heap after
{Heap after GC invocations=14 (full 0):
 garbage-first heap   total 377856K, used 119808K [0x0000000703e00000, 0x0000000800000000)
  region size 1024K, 13 young (13312K), 13 survivors (13312K)
 Metaspace       used 60497K, capacity 61293K, committed 61568K, reserved 1103872K
  class space    used 6667K, capacity 6978K, committed 7040K, reserved 1048576K
}
Event: 17.866 GC heap before
{Heap before GC invocations=14 (full 0):
 garbage-first heap   total 377856K, used 226304K [0x0000000703e00000, 0x0000000800000000)
  region size 1024K, 117 young (119808K), 13 survivors (13312K)
 Metaspace       used 64631K, capacity 65507K, committed 65664K, reserved 1107968K
  class space    used 7221K, capacity 7549K, committed 7552K, reserved 1048576K
}
Event: 17.900 GC heap after
{Heap after GC invocations=15 (full 0):
 garbage-first heap   total 377856K, used 123090K [0x0000000703e00000, 0x0000000800000000)
  region size 1024K, 3 young (3072K), 3 survivors (3072K)
 Metaspace       used 64631K, capacity 65507K, committed 65664K, reserved 1107968K
  class space    used 7221K, capacity 7549K, committed 7552K, reserved 1048576K
}

